Flutter crash report; please file at https://github.com/flutter/flutter/issues.

## command

flutter fuchsia_reload

## exception

ArgumentError: Invalid argument(s): Cannot find executable for fx.

```
#0      _getExecutable (package:process/src/interface/local_process_manager.dart:113)
#1      LocalProcessManager.run (package:process/src/interface/local_process_manager.dart:62)
#2      FuchsiaReloadCommand._validateArguments (package:flutter_tools/src/commands/fuchsia_reload.dart:279)
<asynchronous suspension>
#3      FuchsiaReloadCommand.runCommand (package:flutter_tools/src/commands/fuchsia_reload.dart:84)
<asynchronous suspension>
#4      FlutterCommand.verifyThenRunCommand (package:flutter_tools/src/runner/flutter_command.dart:333)
<asynchronous suspension>
#5      FlutterCommand.run.<anonymous closure> (package:flutter_tools/src/runner/flutter_command.dart:270)
<asynchronous suspension>
#6      AppContext.run.<anonymous closure> (package:flutter_tools/src/base/context.dart:142)
<asynchronous suspension>
#7      _rootRun (dart:async/zone.dart:1126)
#8      _CustomZone.run (dart:async/zone.dart:1023)
#9      runZoned (dart:async/zone.dart:1501)
#10     AppContext.run (package:flutter_tools/src/base/context.dart:141)
<asynchronous suspension>
#11     FlutterCommand.run (package:flutter_tools/src/runner/flutter_command.dart:261)
#12     CommandRunner.runCommand (package:args/command_runner.dart:194)
<asynchronous suspension>
#13     FlutterCommandRunner.runCommand.<anonymous closure> (package:flutter_tools/src/runner/flutter_command_runner.dart:298)
<asynchronous suspension>
#14     AppContext.run.<anonymous closure> (package:flutter_tools/src/base/context.dart:142)
<asynchronous suspension>
#15     _rootRun (dart:async/zone.dart:1126)
#16     _CustomZone.run (dart:async/zone.dart:1023)
#17     runZoned (dart:async/zone.dart:1501)
#18     AppContext.run (package:flutter_tools/src/base/context.dart:141)
<asynchronous suspension>
#19     FlutterCommandRunner.runCommand (package:flutter_tools/src/runner/flutter_command_runner.dart:254)
<asynchronous suspension>
#20     CommandRunner.run.<anonymous closure> (package:args/command_runner.dart:109)
#21     new Future.sync (dart:async/future.dart:222)
#22     CommandRunner.run (package:args/command_runner.dart:109)
#23     FlutterCommandRunner.run (package:flutter_tools/src/runner/flutter_command_runner.dart:168)
#24     run.<anonymous closure> (package:flutter_tools/runner.dart:54)
<asynchronous suspension>
#25     AppContext.run.<anonymous closure> (package:flutter_tools/src/base/context.dart:142)
<asynchronous suspension>
#26     _rootRun (dart:async/zone.dart:1126)
#27     _CustomZone.run (dart:async/zone.dart:1023)
#28     runZoned (dart:async/zone.dart:1501)
#29     AppContext.run (package:flutter_tools/src/base/context.dart:141)
<asynchronous suspension>
#30     runInContext (package:flutter_tools/src/context_runner.dart:41)
<asynchronous suspension>
#31     run (package:flutter_tools/runner.dart:49)
#32     main (package:flutter_tools/executable.dart:48)
<asynchronous suspension>
#33     main (file:///Users/hoollyzhang/flutter/flutter/packages/flutter_tools/bin/flutter_tools.dart:16)
#34     _startIsolate.<anonymous closure> (dart:isolate-patch/dart:isolate/isolate_patch.dart:277)
#35     _RawReceivePortImpl._handleMessage (dart:isolate-patch/dart:isolate/isolate_patch.dart:165)
```

## flutter doctor

```
[✓] Flutter (Channel beta, v0.2.8, on Mac OS X 10.13.2 17C205, locale zh-Hans-CN)
    • Flutter version 0.2.8 at /Users/hoollyzhang/flutter/flutter
    • Framework revision b397406561 (9 days ago), 2018-04-02 13:53:20 -0700
    • Engine revision c903c217a1
    • Dart version 2.0.0-dev.43.0.flutter-52afcba357

[!] Android toolchain - develop for Android devices (Android SDK 27.0.1)
    • Android SDK at /Users/hoollyzhang/Library/Android/sdk
    • Android NDK at /Users/hoollyzhang/Library/Android/sdk/ndk-bundle
    • Platform android-P, build-tools 27.0.1
    • ANDROID_HOME = /Users/hoollyzhang/Library/Android/sdk
    • Java binary at: /Applications/Android Studio.app/Contents/jre/jdk/Contents/Home/bin/java
    • Java version OpenJDK Runtime Environment (build 1.8.0_152-release-1024-b01)
    ✗ Android license status unknown.

[!] iOS toolchain - develop for iOS devices (Xcode 9.3)
    • Xcode at /Applications/Xcode.app/Contents/Developer
    • Xcode 9.3, Build version 9E145
    ✗ Xcode requires additional components to be installed in order to run.
      Launch Xcode and install additional required components when prompted.
    ✗ Missing Xcode dependency: Python module "six".
      Install via 'pip install six' or 'sudo easy_install six'.
    • ios-deploy 1.9.2
    ✗ CocoaPods not installed.
        CocoaPods is used to retrieve the iOS platform side's plugin code that responds to your plugin usage on the Dart side.
        Without resolving iOS dependencies with CocoaPods, plugins will not work on iOS.
        For more info, see https://flutter.io/platform-plugins
      To install:
        brew install cocoapods
        pod setup

[✓] Android Studio (version 2.3)
    • Android Studio at /Applications/Android Studio 2.app/Contents
    • Java version OpenJDK Runtime Environment (build 1.8.0_112-release-b06)

[✓] Android Studio (version 3.1)
    • Android Studio at /Applications/Android Studio.app/Contents
    • Java version OpenJDK Runtime Environment (build 1.8.0_152-release-1024-b01)

[!] IntelliJ IDEA Ultimate Edition (version 2017.3.4)
    • IntelliJ at /Applications/IntelliJ IDEA.app
    ✗ Flutter plugin not installed; this adds Flutter specific functionality.
    ✗ Dart plugin not installed; this adds Dart specific functionality.
    • For information about installing plugins, see
      https://flutter.io/intellij-setup/#installing-the-plugins

[!] VS Code (version 1.18.1)
    • VS Code at /Applications/Visual Studio Code.app/Contents
    • Dart Code extension not installed; install from
      https://marketplace.visualstudio.com/items?itemName=Dart-Code.dart-code

[✓] Connected devices (1 available)
    • HUAWEI NXT AL10 • 5LM7N16401002621 • android-arm64 • Android 7.0 (API 24)

! Doctor found issues in 4 categories.
```
